Telemetry level is off
Experiments are disabled, only manually opted experiments are active.
> conda info --json
Python interpreter path: ~/mambaforge/envs/math/bin/python
> /opt/miniconda3/bin/conda info --json
> ~/.conda/bin/conda info --json
> ~/mambaforge/envs/jlab/bin/conda info --json
> ~/mambaforge/envs/eigen_steve/bin/conda info --json
> ~/mambaforge/envs/math/bin/conda info --json
> ~/mambaforge/envs/jlab_template/bin/conda info --json
> ~/mambaforge/envs/audio/bin/conda info --json
> ~/mambaforge/envs/language/bin/conda info --json
> ~/mambaforge/envs/foo/bin/conda info --json
> ~/mambaforge/envs/ove6d/bin/conda info --json
> ~/mambaforge/envs/molecules/bin/conda info --json
> ~/mambaforge/envs/port6/bin/conda info --json
> ~/mambaforge/envs/nerfs/bin/conda info --json
> ~/mambaforge/envs/interview/bin/conda info --json
> ~/mambaforge/envs/vaaliperttu/bin/conda info --json
> ~/mambaforge/envs/graph/bin/conda info --json
> /bin/python -I ~/.vscode/extensions/ms-python.python-2023.6.1/pythonFiles/get_output_via_markers.py ~/.vscode/extensions/ms-python.python-2023.6.1/pythonFiles/interpreterInfo.py
> /sbin/python -I ~/.vscode/extensions/ms-python.python-2023.6.1/pythonFiles/get_output_via_markers.py ~/.vscode/extensions/ms-python.python-2023.6.1/pythonFiles/interpreterInfo.py
> /usr/bin/python -I ~/.vscode/extensions/ms-python.python-2023.6.1/pythonFiles/get_output_via_markers.py ~/.vscode/extensions/ms-python.python-2023.6.1/pythonFiles/interpreterInfo.py
> /usr/sbin/python -I ~/.vscode/extensions/ms-python.python-2023.6.1/pythonFiles/get_output_via_markers.py ~/.vscode/extensions/ms-python.python-2023.6.1/pythonFiles/interpreterInfo.py
> ~/mambaforge/envs/graph/bin/conda run -n math --no-capture-output python ~/.vscode/extensions/ms-python.python-2023.6.1/pythonFiles/get_output_via_markers.py ~/.vscode/extensions/ms-python.python-2023.6.1/pythonFiles/printEnvVariables.py
shell: bash
> ~/mambaforge/bin/python -I ~/.vscode/extensions/ms-python.python-2023.6.1/pythonFiles/get_output_via_markers.py ~/.vscode/extensions/ms-python.python-2023.6.1/pythonFiles/interpreterInfo.py
Send text to terminal: source /home/nicklas/mambaforge/bin/activate math
> ~/mambaforge/envs/audio/bin/python -I ~/.vscode/extensions/ms-python.python-2023.6.1/pythonFiles/get_output_via_markers.py ~/.vscode/extensions/ms-python.python-2023.6.1/pythonFiles/interpreterInfo.py
> ~/mambaforge/envs/biology/bin/python -I ~/.vscode/extensions/ms-python.python-2023.6.1/pythonFiles/get_output_via_markers.py ~/.vscode/extensions/ms-python.python-2023.6.1/pythonFiles/interpreterInfo.py
> ~/mambaforge/envs/daily/bin/python -I ~/.vscode/extensions/ms-python.python-2023.6.1/pythonFiles/get_output_via_markers.py ~/.vscode/extensions/ms-python.python-2023.6.1/pythonFiles/interpreterInfo.py
> ~/mambaforge/envs/eigen_steve/bin/python -I ~/.vscode/extensions/ms-python.python-2023.6.1/pythonFiles/get_output_via_markers.py ~/.vscode/extensions/ms-python.python-2023.6.1/pythonFiles/interpreterInfo.py
> ~/mambaforge/envs/foo/bin/python -I ~/.vscode/extensions/ms-python.python-2023.6.1/pythonFiles/get_output_via_markers.py ~/.vscode/extensions/ms-python.python-2023.6.1/pythonFiles/interpreterInfo.py
> ~/mambaforge/envs/graph/bin/python -I ~/.vscode/extensions/ms-python.python-2023.6.1/pythonFiles/get_output_via_markers.py ~/.vscode/extensions/ms-python.python-2023.6.1/pythonFiles/interpreterInfo.py
> ~/mambaforge/envs/interview/bin/python -I ~/.vscode/extensions/ms-python.python-2023.6.1/pythonFiles/get_output_via_markers.py ~/.vscode/extensions/ms-python.python-2023.6.1/pythonFiles/interpreterInfo.py
> ~/mambaforge/envs/jlab/bin/python -I ~/.vscode/extensions/ms-python.python-2023.6.1/pythonFiles/get_output_via_markers.py ~/.vscode/extensions/ms-python.python-2023.6.1/pythonFiles/interpreterInfo.py
> ~/mambaforge/envs/jlab_template/bin/python -I ~/.vscode/extensions/ms-python.python-2023.6.1/pythonFiles/get_output_via_markers.py ~/.vscode/extensions/ms-python.python-2023.6.1/pythonFiles/interpreterInfo.py
> ~/mambaforge/envs/math/bin/python -I ~/.vscode/extensions/ms-python.python-2023.6.1/pythonFiles/get_output_via_markers.py ~/.vscode/extensions/ms-python.python-2023.6.1/pythonFiles/interpreterInfo.py
> ~/mambaforge/envs/molecules/bin/python -I ~/.vscode/extensions/ms-python.python-2023.6.1/pythonFiles/get_output_via_markers.py ~/.vscode/extensions/ms-python.python-2023.6.1/pythonFiles/interpreterInfo.py
> ~/mambaforge/envs/ove6d/bin/python -I ~/.vscode/extensions/ms-python.python-2023.6.1/pythonFiles/get_output_via_markers.py ~/.vscode/extensions/ms-python.python-2023.6.1/pythonFiles/interpreterInfo.py
> ~/mambaforge/envs/port6/bin/python -I ~/.vscode/extensions/ms-python.python-2023.6.1/pythonFiles/get_output_via_markers.py ~/.vscode/extensions/ms-python.python-2023.6.1/pythonFiles/interpreterInfo.py
> ~/mambaforge/envs/vaaliperttu/bin/python -I ~/.vscode/extensions/ms-python.python-2023.6.1/pythonFiles/get_output_via_markers.py ~/.vscode/extensions/ms-python.python-2023.6.1/pythonFiles/interpreterInfo.py
> ~/mambaforge/envs/vaaliwhisper/bin/python -I ~/.vscode/extensions/ms-python.python-2023.6.1/pythonFiles/get_output_via_markers.py ~/.vscode/extensions/ms-python.python-2023.6.1/pythonFiles/interpreterInfo.py
[ERROR 2023-4-26 12:1:57.882]: getActivatedEnvironmentVariables Error: Command failed: /home/nicklas/mambaforge/envs/graph/bin/conda run -n math --no-capture-output python /home/nicklas/.vscode/extensions/ms-python.python-2023.6.1/pythonFiles/get_output_via_markers.py /home/nicklas/.vscode/extensions/ms-python.python-2023.6.1/pythonFiles/printEnvVariables.py

EnvironmentLocationNotFound: Not a conda environment: /home/nicklas/mambaforge/envs/graph/envs/math


    at ChildProcess.exithandler (node:child_process:408:12)
    at ChildProcess.emit (node:events:526:28)
    at maybeClose (node:internal/child_process:1092:16)
    at Socket.<anonymous> (node:internal/child_process:451:11)
    at Socket.emit (node:events:526:28)
    at Pipe.<anonymous> (node:net:687:12) {
  killed: false,
  code: 1,
  signal: null,
  cmd: '/home/nicklas/mambaforge/envs/graph/bin/conda run -n math --no-capture-output python /home/nicklas/.vscode/extensions/ms-python.python-2023.6.1/pythonFiles/get_output_via_markers.py /home/nicklas/.vscode/extensions/ms-python.python-2023.6.1/pythonFiles/printEnvVariables.py'
}
Starting Pylance language server.
> ~/mambaforge/envs/port6/bin/python3.11 -I ~/.vscode/extensions/ms-python.python-2023.6.1/pythonFiles/get_output_via_markers.py ~/.vscode/extensions/ms-python.python-2023.6.1/pythonFiles/interpreterInfo.py
> ~/Study/Bachelor_2/Semester_2/mlpr/venv/bin/python -I ~/.vscode/extensions/ms-python.python-2023.6.1/pythonFiles/get_output_via_markers.py ~/.vscode/extensions/ms-python.python-2023.6.1/pythonFiles/interpreterInfo.py
[ERROR 2023-4-26 12:1:58.384]: Error: Command failed: /home/nicklas/Study/Bachelor_2/Semester_2/mlpr/venv/bin/python -I /home/nicklas/.vscode/extensions/ms-python.python-2023.6.1/pythonFiles/get_output_via_markers.py /home/nicklas/.vscode/extensions/ms-python.python-2023.6.1/pythonFiles/interpreterInfo.py
/bin/sh: line 1: /home/nicklas/Study/Bachelor_2/Semester_2/mlpr/venv/bin/python: No such file or directory

    at ChildProcess.exithandler (node:child_process:408:12)
    at ChildProcess.emit (node:events:526:28)
    at maybeClose (node:internal/child_process:1092:16)
    at Socket.<anonymous> (node:internal/child_process:451:11)
    at Socket.emit (node:events:526:28)
    at Pipe.<anonymous> (node:net:687:12) {
  killed: false,
  code: 127,
  signal: null,
  cmd: '/home/nicklas/Study/Bachelor_2/Semester_2/mlpr/venv/bin/python -I /home/nicklas/.vscode/extensions/ms-python.python-2023.6.1/pythonFiles/get_output_via_markers.py /home/nicklas/.vscode/extensions/ms-python.python-2023.6.1/pythonFiles/interpreterInfo.py'
}
> ~/mambaforge/envs/graph/bin/conda run -p ~/mambaforge/envs/math --no-capture-output python ~/.vscode/extensions/ms-python.python-2023.6.1/pythonFiles/get_output_via_markers.py ~/.vscode/extensions/ms-python.python-2023.6.1/pythonFiles/linter.py -m mypy --follow-imports=silent --ignore-missing-imports --show-column-numbers --no-pretty "./circles copy.py"
cwd: .
> ~/mambaforge/envs/graph/bin/conda run -p ~/mambaforge/envs/math --no-capture-output python ~/.vscode/extensions/ms-python.python-2023.6.1/pythonFiles/get_output_via_markers.py ~/.vscode/extensions/ms-python.python-2023.6.1/pythonFiles/linter.py -m mypy --follow-imports=silent --ignore-missing-imports --show-column-numbers --no-pretty ./utils.py
cwd: .
> ~/Study/Bachelor_2/Semester_2/mlpr/venv/bin/python -I ~/.vscode/extensions/ms-python.python-2023.6.1/pythonFiles/get_output_via_markers.py ~/.vscode/extensions/ms-python.python-2023.6.1/pythonFiles/interpreterInfo.py
[ERROR 2023-4-26 12:2:0.392]: Error: Command failed: /home/nicklas/Study/Bachelor_2/Semester_2/mlpr/venv/bin/python -I /home/nicklas/.vscode/extensions/ms-python.python-2023.6.1/pythonFiles/get_output_via_markers.py /home/nicklas/.vscode/extensions/ms-python.python-2023.6.1/pythonFiles/interpreterInfo.py
/bin/sh: line 1: /home/nicklas/Study/Bachelor_2/Semester_2/mlpr/venv/bin/python: No such file or directory

    at ChildProcess.exithandler (node:child_process:408:12)
    at ChildProcess.emit (node:events:526:28)
    at maybeClose (node:internal/child_process:1092:16)
    at Socket.<anonymous> (node:internal/child_process:451:11)
    at Socket.emit (node:events:526:28)
    at Pipe.<anonymous> (node:net:687:12) {
  killed: false,
  code: 127,
  signal: null,
  cmd: '/home/nicklas/Study/Bachelor_2/Semester_2/mlpr/venv/bin/python -I /home/nicklas/.vscode/extensions/ms-python.python-2023.6.1/pythonFiles/get_output_via_markers.py /home/nicklas/.vscode/extensions/ms-python.python-2023.6.1/pythonFiles/interpreterInfo.py'
}
##########Linting Output - mypy##########

utils.py:82: error: Function "numpy.core.multiarray.array" is not valid as a type  [valid-type]
utils.py:82: note: Perhaps you need "Callable[...]" or a callback protocol?
utils.py:119:135: error: Incompatible default for argument "color" (default has type "None", argument has type "Tuple[Any, ...]")  [assignment]
utils.py:119:135: note: PEP 484 prohibits implicit Optional. Accordingly, mypy has changed its default to no_implicit_optional=True
utils.py:119:135: note: Use https://github.com/hauntsaninja/no_implicit_optional to automatically upgrade your codebase
utils.py:126:22: error: Cannot determine type of "color"  [has-type]
utils.py:140:9: error: Attribute "old_position" already defined on line 121  [no-redef]
utils.py:141:9: error: Attribute "position" already defined on line 122  [no-redef]
utils.py:147:9: note: By default the bodies of untyped functions are not checked, consider using --check-untyped-defs  [annotation-unchecked]
Found 5 errors in 1 file (checked 1 source file)
##########Linting Output - mypy##########


